<?xml version="1.0" encoding="UTF-8"?>
<!-- Generated by org.testng.reporters.JUnitReportReporter -->
<testsuite hostname="Gokul" name="testCase.Select" tests="2" failures="0" timestamp="10 Dec 2021 03:49:27 GMT" time="3.253" errors="0">
  <testcase name="Tc_03" time="1.365" classname="testCase.Select"/>
  <testcase name="Tc_03" time="1.888" classname="testCase.Select"/>
</testsuite> <!-- testCase.Select -->
