<?xml version="1.0" encoding="UTF-8"?>
<!-- Generated by org.testng.reporters.JUnitReportReporter -->
<testsuite hostname="Gokul" name="testCase.RegisterTest" tests="2" failures="0" timestamp="9 Dec 2021 17:09:02 GMT" time="6.011" errors="0">
  <testcase name="Tc_01" time="2.173" classname="testCase.RegisterTest"/>
  <testcase name="Tc_01" time="3.838" classname="testCase.RegisterTest"/>
</testsuite> <!-- testCase.RegisterTest -->
