<?xml version="1.0" encoding="UTF-8"?>
<!-- Generated by org.testng.reporters.JUnitReportReporter -->
<testsuite hostname="Gokul" name="testCase.LoginTest" tests="1" failures="0" timestamp="9 Dec 2021 17:09:02 GMT" time="3.038" errors="0">
  <testcase name="Tc_02" time="3.038" classname="testCase.LoginTest"/>
</testsuite> <!-- testCase.LoginTest -->
