<?xml version="1.0" encoding="UTF-8"?>
<!-- Generated by org.testng.reporters.JUnitReportReporter -->
<testsuite hostname="Gokul" name="Test.Demo.Sample_MavenTest" tests="4" failures="0" timestamp="9 Dec 2021 11:08:00 GMT" time="0.016" errors="0">
  <testcase name="Pulsar" time="0.004" classname="Test.Demo.Sample_MavenTest"/>
  <testcase name="Tvs" time="0.005" classname="Test.Demo.Sample_MavenTest"/>
  <testcase name="Yamaha" time="0.000" classname="Test.Demo.Sample_MavenTest"/>
  <testcase name="RoyalEnfield" time="0.007" classname="Test.Demo.Sample_MavenTest"/>
</testsuite> <!-- Test.Demo.Sample_MavenTest -->
